<?xml version="1.0" encoding="UTF-8"?>
<!-- Generated by org.testng.reporters.JUnitReportReporter -->
<testsuite skipped="0" hostname="LAPTOP-7AR2TC63" name="com.mst.grid" tests="2" failures="0" timestamp="12 May 2017 09:35:56 GMT" time="1.358" errors="0">
  <testcase name="testWebApp" time="0.570" classname="com.mst.grid"/>
  <testcase name="testWebApp" time="0.788" classname="com.mst.grid"/>
</testsuite> <!-- com.mst.grid -->
